  test_513.cpp
test_513.obj : error LNK2019: 无法解析的外部符号 __imp__add@8，该符号在函数 _main 中被引用
D:\github_repo\clang-learning\cpp\test513\test_513\Debug\test_513.exe : fatal error LNK1120: 1 个无法解析的外部命令
